<?xml version="1.0" encoding="UTF-8"?><testrun name="RunnerTest" project="BulletProofAutomation" tests="1" started="1" failures="0" errors="1" ignored="0">
  <testsuite name="com.BulletProofAutomation.BulletProofAutomation.RunnerTest" time="0.04">
    <testcase name="initializationError" classname="com.BulletProofAutomation.BulletProofAutomation.RunnerTest" time="0.04">
      <error>cucumber.runtime.CucumberException: Couldn't load formatter class: jason&#13;
	at cucumber.runtime.formatter.FormatterFactory.loadClass(FormatterFactory.java:145)&#13;
	at cucumber.runtime.formatter.FormatterFactory.formatterClass(FormatterFactory.java:136)&#13;
	at cucumber.runtime.formatter.FormatterFactory.create(FormatterFactory.java:63)&#13;
	at cucumber.runtime.RuntimeOptions.parse(RuntimeOptions.java:90)&#13;
	at cucumber.runtime.RuntimeOptions.&lt;init&gt;(RuntimeOptions.java:44)&#13;
	at cucumber.runtime.junit.RuntimeOptionsFactory.create(RuntimeOptionsFactory.java:32)&#13;
	at cucumber.api.junit.Cucumber.&lt;init&gt;(Cucumber.java:56)&#13;
	at sun.reflect.NativeConstructorAccessorImpl.newInstance0(Native Method)&#13;
	at sun.reflect.NativeConstructorAccessorImpl.newInstance(Unknown Source)&#13;
	at sun.reflect.DelegatingConstructorAccessorImpl.newInstance(Unknown Source)&#13;
	at java.lang.reflect.Constructor.newInstance(Unknown Source)&#13;
	at org.junit.internal.builders.AnnotatedBuilder.buildRunner(AnnotatedBuilder.java:29)&#13;
	at org.junit.internal.builders.AnnotatedBuilder.runnerForClass(AnnotatedBuilder.java:21)&#13;
	at org.junit.runners.model.RunnerBuilder.safeRunnerForClass(RunnerBuilder.java:59)&#13;
	at org.junit.internal.builders.AllDefaultPossibilitiesBuilder.runnerForClass(AllDefaultPossibilitiesBuilder.java:26)&#13;
	at org.junit.runners.model.RunnerBuilder.safeRunnerForClass(RunnerBuilder.java:59)&#13;
	at org.junit.internal.requests.ClassRequest.getRunner(ClassRequest.java:26)&#13;
	at org.eclipse.jdt.internal.junit4.runner.JUnit4TestReference.&lt;init&gt;(JUnit4TestReference.java:33)&#13;
	at org.eclipse.jdt.internal.junit4.runner.JUnit4TestClassReference.&lt;init&gt;(JUnit4TestClassReference.java:25)&#13;
	at org.eclipse.jdt.internal.junit4.runner.JUnit4TestLoader.createTest(JUnit4TestLoader.java:48)&#13;
	at org.eclipse.jdt.internal.junit4.runner.JUnit4TestLoader.loadTests(JUnit4TestLoader.java:38)&#13;
	at org.eclipse.jdt.internal.junit.runner.RemoteTestRunner.runTests(RemoteTestRunner.java:444)&#13;
	at org.eclipse.jdt.internal.junit.runner.RemoteTestRunner.runTests(RemoteTestRunner.java:675)&#13;
	at org.eclipse.jdt.internal.junit.runner.RemoteTestRunner.run(RemoteTestRunner.java:382)&#13;
	at org.eclipse.jdt.internal.junit.runner.RemoteTestRunner.main(RemoteTestRunner.java:192)&#13;
Caused by: java.lang.ClassNotFoundException: jason&#13;
	at java.net.URLClassLoader$1.run(Unknown Source)&#13;
	at java.net.URLClassLoader$1.run(Unknown Source)&#13;
	at java.security.AccessController.doPrivileged(Native Method)&#13;
	at java.net.URLClassLoader.findClass(Unknown Source)&#13;
	at java.lang.ClassLoader.loadClass(Unknown Source)&#13;
	at sun.misc.Launcher$AppClassLoader.loadClass(Unknown Source)&#13;
	at java.lang.ClassLoader.loadClass(Unknown Source)&#13;
	at cucumber.runtime.formatter.FormatterFactory.loadClass(FormatterFactory.java:143)&#13;
	... 24 more&#13;
&#13;
</error>
    </testcase>
  </testsuite>
</testrun>
